2022-02-03 19:48:09,607  INFO [main] Lineage-BASA:33 - ***** Browser launched successfully.***********
2022-02-03 19:53:27,066  INFO [main] Lineage-BASA:33 - ***** Browser launched successfully.***********
2022-02-03 19:57:00,105  INFO [main] Lineage-BASA:38 - ***** Browser closed successfully.***********
2022-02-03 19:57:02,344  INFO [main] Lineage-BASA:33 - ***** Browser launched successfully.***********
2022-02-03 19:58:39,915  INFO [main] Lineage-BASA:33 - ***** Browser launched successfully.***********
2022-02-03 19:59:12,215  INFO [main] Lineage-BASA:33 - ***** Browser launched successfully.***********
2022-02-03 20:00:56,266  INFO [main] Lineage-BASA:38 - ***** Browser closed successfully.***********
2022-02-03 20:15:16,512  INFO [main] Lineage-BASA:39 - ***** Browser launched successfully.***********
2022-02-03 20:19:16,649  INFO [main] Lineage-BASA:44 - ***** Browser closed successfully.***********
2022-02-03 20:19:18,928  INFO [main] Lineage-BASA:39 - ***** Browser launched successfully.***********
2022-02-03 20:20:33,187  INFO [main] Lineage-BASA:44 - ***** Browser closed successfully.***********
2022-02-03 20:20:35,207  INFO [main] Lineage-BASA:39 - ***** Browser launched successfully.***********
2022-02-03 20:22:00,718  INFO [main] Lineage-BASA:44 - ***** Browser closed successfully.***********
2022-02-03 20:22:03,319  INFO [main] Lineage-BASA:39 - ***** Browser launched successfully.***********
2022-02-08 14:23:19,035  INFO [main] Lineage-BASA:39 - ***** Browser launched successfully.***********
2022-02-08 14:26:35,687  INFO [main] Lineage-BASA:44 - ***** Browser closed successfully.***********
2022-02-08 14:26:37,491  INFO [main] Lineage-BASA:39 - ***** Browser launched successfully.***********
2022-02-08 14:28:05,091  INFO [main] Lineage-BASA:44 - ***** Browser closed successfully.***********
2022-02-08 14:28:07,061  INFO [main] Lineage-BASA:39 - ***** Browser launched successfully.***********
2022-02-08 14:28:47,609  INFO [main] Lineage-BASA:39 - ***** Browser launched successfully.***********
2022-02-08 14:30:01,119  INFO [main] Lineage-BASA:44 - ***** Browser closed successfully.***********
2022-02-10 12:19:13,611  INFO [main] Lineage-BASA:39 - ***** Browser launched successfully.***********
2022-02-10 12:19:46,287  INFO [main] Lineage-BASA:39 - ***** Browser launched successfully.***********
2022-02-10 12:20:30,518  INFO [main] Lineage-BASA:39 - ***** Browser launched successfully.***********
2022-02-10 12:21:05,082  INFO [main] Lineage-BASA:39 - ***** Browser launched successfully.***********
2022-02-10 12:22:31,022  INFO [main] Lineage-BASA:44 - ***** Browser closed successfully.***********
2022-02-11 20:39:18,831  INFO [main] Lineage-BASA:39 - ***** Browser launched successfully.***********
2022-02-11 20:42:31,685  INFO [main] Lineage-BASA:44 - ***** Browser closed successfully.***********
2022-02-11 20:42:33,487  INFO [main] Lineage-BASA:39 - ***** Browser launched successfully.***********
2022-02-11 20:43:07,775  INFO [main] Lineage-BASA:39 - ***** Browser launched successfully.***********
2022-02-11 20:44:41,905  INFO [main] Lineage-BASA:44 - ***** Browser closed successfully.***********
2022-02-11 20:44:43,673  INFO [main] Lineage-BASA:39 - ***** Browser launched successfully.***********
2022-02-11 20:46:07,754  INFO [main] Lineage-BASA:44 - ***** Browser closed successfully.***********
2022-02-14 14:44:18,838 ERROR [main] Lineage-BASA:256 - Make Request failed..java.lang.NullPointerException
	at java.base/java.io.File.<init>(File.java:278)
	at com.codoid.products.fillo.Fillo.getConnection(Fillo.java:40)
	at utilities.ApiBase.makeMultipleApiCallsExcel(ApiBase.java:190)
	at apiTest.CRUDTest.getAllUsers(CRUDTest.java:15)
	at java.base/jdk.internal.reflect.NativeMethodAccessorImpl.invoke0(Native Method)
	at java.base/jdk.internal.reflect.NativeMethodAccessorImpl.invoke(NativeMethodAccessorImpl.java:77)
	at java.base/jdk.internal.reflect.DelegatingMethodAccessorImpl.invoke(DelegatingMethodAccessorImpl.java:43)
	at java.base/java.lang.reflect.Method.invoke(Method.java:568)
	at org.junit.runners.model.FrameworkMethod$1.runReflectiveCall(FrameworkMethod.java:59)
	at org.junit.internal.runners.model.ReflectiveCallable.run(ReflectiveCallable.java:12)
	at org.junit.runners.model.FrameworkMethod.invokeExplosively(FrameworkMethod.java:56)
	at org.junit.internal.runners.statements.InvokeMethod.evaluate(InvokeMethod.java:17)
	at org.junit.runners.ParentRunner$3.evaluate(ParentRunner.java:306)
	at org.junit.runners.BlockJUnit4ClassRunner$1.evaluate(BlockJUnit4ClassRunner.java:100)
	at org.junit.runners.ParentRunner.runLeaf(ParentRunner.java:366)
	at org.junit.runners.BlockJUnit4ClassRunner.runChild(BlockJUnit4ClassRunner.java:103)
	at org.junit.runners.BlockJUnit4ClassRunner.runChild(BlockJUnit4ClassRunner.java:63)
	at org.junit.runners.ParentRunner$4.run(ParentRunner.java:331)
	at org.junit.runners.ParentRunner$1.schedule(ParentRunner.java:79)
	at org.junit.runners.ParentRunner.runChildren(ParentRunner.java:329)
	at org.junit.runners.ParentRunner.access$100(ParentRunner.java:66)
	at org.junit.runners.ParentRunner$2.evaluate(ParentRunner.java:293)
	at org.junit.runners.ParentRunner$3.evaluate(ParentRunner.java:306)
	at org.junit.runners.ParentRunner.run(ParentRunner.java:413)
	at org.eclipse.jdt.internal.junit4.runner.JUnit4TestReference.run(JUnit4TestReference.java:93)
	at org.eclipse.jdt.internal.junit.runner.TestExecution.run(TestExecution.java:40)
	at org.eclipse.jdt.internal.junit.runner.RemoteTestRunner.runTests(RemoteTestRunner.java:529)
	at org.eclipse.jdt.internal.junit.runner.RemoteTestRunner.runTests(RemoteTestRunner.java:756)
	at org.eclipse.jdt.internal.junit.runner.RemoteTestRunner.run(RemoteTestRunner.java:452)
	at org.eclipse.jdt.internal.junit.runner.RemoteTestRunner.main(RemoteTestRunner.java:210)

2022-02-14 14:51:20,599 ERROR [main] LineageBASA:256 - Make Request failed..java.lang.NullPointerException
	at java.base/java.io.File.<init>(File.java:278)
	at com.codoid.products.fillo.Fillo.getConnection(Fillo.java:40)
	at utilities.ApiBase.makeMultipleApiCallsExcel(ApiBase.java:190)
	at apiTest.CRUDTest.getAllUsers(CRUDTest.java:15)
	at java.base/jdk.internal.reflect.NativeMethodAccessorImpl.invoke0(Native Method)
	at java.base/jdk.internal.reflect.NativeMethodAccessorImpl.invoke(NativeMethodAccessorImpl.java:77)
	at java.base/jdk.internal.reflect.DelegatingMethodAccessorImpl.invoke(DelegatingMethodAccessorImpl.java:43)
	at java.base/java.lang.reflect.Method.invoke(Method.java:568)
	at org.junit.runners.model.FrameworkMethod$1.runReflectiveCall(FrameworkMethod.java:59)
	at org.junit.internal.runners.model.ReflectiveCallable.run(ReflectiveCallable.java:12)
	at org.junit.runners.model.FrameworkMethod.invokeExplosively(FrameworkMethod.java:56)
	at org.junit.internal.runners.statements.InvokeMethod.evaluate(InvokeMethod.java:17)
	at org.junit.runners.ParentRunner$3.evaluate(ParentRunner.java:306)
	at org.junit.runners.BlockJUnit4ClassRunner$1.evaluate(BlockJUnit4ClassRunner.java:100)
	at org.junit.runners.ParentRunner.runLeaf(ParentRunner.java:366)
	at org.junit.runners.BlockJUnit4ClassRunner.runChild(BlockJUnit4ClassRunner.java:103)
	at org.junit.runners.BlockJUnit4ClassRunner.runChild(BlockJUnit4ClassRunner.java:63)
	at org.junit.runners.ParentRunner$4.run(ParentRunner.java:331)
	at org.junit.runners.ParentRunner$1.schedule(ParentRunner.java:79)
	at org.junit.runners.ParentRunner.runChildren(ParentRunner.java:329)
	at org.junit.runners.ParentRunner.access$100(ParentRunner.java:66)
	at org.junit.runners.ParentRunner$2.evaluate(ParentRunner.java:293)
	at org.junit.runners.ParentRunner$3.evaluate(ParentRunner.java:306)
	at org.junit.runners.ParentRunner.run(ParentRunner.java:413)
	at org.eclipse.jdt.internal.junit4.runner.JUnit4TestReference.run(JUnit4TestReference.java:93)
	at org.eclipse.jdt.internal.junit.runner.TestExecution.run(TestExecution.java:40)
	at org.eclipse.jdt.internal.junit.runner.RemoteTestRunner.runTests(RemoteTestRunner.java:529)
	at org.eclipse.jdt.internal.junit.runner.RemoteTestRunner.runTests(RemoteTestRunner.java:756)
	at org.eclipse.jdt.internal.junit.runner.RemoteTestRunner.run(RemoteTestRunner.java:452)
	at org.eclipse.jdt.internal.junit.runner.RemoteTestRunner.main(RemoteTestRunner.java:210)

2022-02-14 15:07:03,836 ERROR [main] LineageBASA:256 - Make Request failed..java.lang.NullPointerException
	at java.base/java.io.File.<init>(File.java:278)
	at com.codoid.products.fillo.Fillo.getConnection(Fillo.java:40)
	at utilities.ApiBase.makeMultipleApiCallsExcel(ApiBase.java:190)
	at apiTest.CRUDTest.getAllUsers(CRUDTest.java:15)
	at java.base/jdk.internal.reflect.NativeMethodAccessorImpl.invoke0(Native Method)
	at java.base/jdk.internal.reflect.NativeMethodAccessorImpl.invoke(NativeMethodAccessorImpl.java:77)
	at java.base/jdk.internal.reflect.DelegatingMethodAccessorImpl.invoke(DelegatingMethodAccessorImpl.java:43)
	at java.base/java.lang.reflect.Method.invoke(Method.java:568)
	at org.junit.runners.model.FrameworkMethod$1.runReflectiveCall(FrameworkMethod.java:59)
	at org.junit.internal.runners.model.ReflectiveCallable.run(ReflectiveCallable.java:12)
	at org.junit.runners.model.FrameworkMethod.invokeExplosively(FrameworkMethod.java:56)
	at org.junit.internal.runners.statements.InvokeMethod.evaluate(InvokeMethod.java:17)
	at org.junit.runners.ParentRunner$3.evaluate(ParentRunner.java:306)
	at org.junit.runners.BlockJUnit4ClassRunner$1.evaluate(BlockJUnit4ClassRunner.java:100)
	at org.junit.runners.ParentRunner.runLeaf(ParentRunner.java:366)
	at org.junit.runners.BlockJUnit4ClassRunner.runChild(BlockJUnit4ClassRunner.java:103)
	at org.junit.runners.BlockJUnit4ClassRunner.runChild(BlockJUnit4ClassRunner.java:63)
	at org.junit.runners.ParentRunner$4.run(ParentRunner.java:331)
	at org.junit.runners.ParentRunner$1.schedule(ParentRunner.java:79)
	at org.junit.runners.ParentRunner.runChildren(ParentRunner.java:329)
	at org.junit.runners.ParentRunner.access$100(ParentRunner.java:66)
	at org.junit.runners.ParentRunner$2.evaluate(ParentRunner.java:293)
	at org.junit.runners.ParentRunner$3.evaluate(ParentRunner.java:306)
	at org.junit.runners.ParentRunner.run(ParentRunner.java:413)
	at org.eclipse.jdt.internal.junit4.runner.JUnit4TestReference.run(JUnit4TestReference.java:93)
	at org.eclipse.jdt.internal.junit.runner.TestExecution.run(TestExecution.java:40)
	at org.eclipse.jdt.internal.junit.runner.RemoteTestRunner.runTests(RemoteTestRunner.java:529)
	at org.eclipse.jdt.internal.junit.runner.RemoteTestRunner.runTests(RemoteTestRunner.java:756)
	at org.eclipse.jdt.internal.junit.runner.RemoteTestRunner.run(RemoteTestRunner.java:452)
	at org.eclipse.jdt.internal.junit.runner.RemoteTestRunner.main(RemoteTestRunner.java:210)

2022-02-14 15:58:48,347 ERROR [main] LineageBASA:256 - Make Request failed..com.codoid.products.exception.FilloException: Workbook is not found - /lineage/src/test/resources/DataSheet_Master.xlsx
	at com.codoid.products.fillo.Fillo.getConnection(Fillo.java:46)
	at utilities.ApiBase.makeMultipleApiCallsExcel(ApiBase.java:190)
	at apiTest.CRUDTest.getAllUsers(CRUDTest.java:15)
	at java.base/jdk.internal.reflect.NativeMethodAccessorImpl.invoke0(Native Method)
	at java.base/jdk.internal.reflect.NativeMethodAccessorImpl.invoke(NativeMethodAccessorImpl.java:77)
	at java.base/jdk.internal.reflect.DelegatingMethodAccessorImpl.invoke(DelegatingMethodAccessorImpl.java:43)
	at java.base/java.lang.reflect.Method.invoke(Method.java:568)
	at org.junit.runners.model.FrameworkMethod$1.runReflectiveCall(FrameworkMethod.java:59)
	at org.junit.internal.runners.model.ReflectiveCallable.run(ReflectiveCallable.java:12)
	at org.junit.runners.model.FrameworkMethod.invokeExplosively(FrameworkMethod.java:56)
	at org.junit.internal.runners.statements.InvokeMethod.evaluate(InvokeMethod.java:17)
	at org.junit.runners.ParentRunner$3.evaluate(ParentRunner.java:306)
	at org.junit.runners.BlockJUnit4ClassRunner$1.evaluate(BlockJUnit4ClassRunner.java:100)
	at org.junit.runners.ParentRunner.runLeaf(ParentRunner.java:366)
	at org.junit.runners.BlockJUnit4ClassRunner.runChild(BlockJUnit4ClassRunner.java:103)
	at org.junit.runners.BlockJUnit4ClassRunner.runChild(BlockJUnit4ClassRunner.java:63)
	at org.junit.runners.ParentRunner$4.run(ParentRunner.java:331)
	at org.junit.runners.ParentRunner$1.schedule(ParentRunner.java:79)
	at org.junit.runners.ParentRunner.runChildren(ParentRunner.java:329)
	at org.junit.runners.ParentRunner.access$100(ParentRunner.java:66)
	at org.junit.runners.ParentRunner$2.evaluate(ParentRunner.java:293)
	at org.junit.runners.ParentRunner$3.evaluate(ParentRunner.java:306)
	at org.junit.runners.ParentRunner.run(ParentRunner.java:413)
	at org.eclipse.jdt.internal.junit4.runner.JUnit4TestReference.run(JUnit4TestReference.java:93)
	at org.eclipse.jdt.internal.junit.runner.TestExecution.run(TestExecution.java:40)
	at org.eclipse.jdt.internal.junit.runner.RemoteTestRunner.runTests(RemoteTestRunner.java:529)
	at org.eclipse.jdt.internal.junit.runner.RemoteTestRunner.runTests(RemoteTestRunner.java:756)
	at org.eclipse.jdt.internal.junit.runner.RemoteTestRunner.run(RemoteTestRunner.java:452)
	at org.eclipse.jdt.internal.junit.runner.RemoteTestRunner.main(RemoteTestRunner.java:210)

2022-02-14 16:10:49,501 ERROR [main] LineageBASA:256 - Make Request failed..com.codoid.products.exception.FilloException: Workbook is not found - /lineage/src/test/resources/DataSheet_Master.xlsx
	at com.codoid.products.fillo.Fillo.getConnection(Fillo.java:46)
	at utilities.ApiBase.makeMultipleApiCallsExcel(ApiBase.java:190)
	at apiTest.CRUDTest.getAllUsers(CRUDTest.java:15)
	at java.base/jdk.internal.reflect.NativeMethodAccessorImpl.invoke0(Native Method)
	at java.base/jdk.internal.reflect.NativeMethodAccessorImpl.invoke(NativeMethodAccessorImpl.java:77)
	at java.base/jdk.internal.reflect.DelegatingMethodAccessorImpl.invoke(DelegatingMethodAccessorImpl.java:43)
	at java.base/java.lang.reflect.Method.invoke(Method.java:568)
	at org.junit.runners.model.FrameworkMethod$1.runReflectiveCall(FrameworkMethod.java:59)
	at org.junit.internal.runners.model.ReflectiveCallable.run(ReflectiveCallable.java:12)
	at org.junit.runners.model.FrameworkMethod.invokeExplosively(FrameworkMethod.java:56)
	at org.junit.internal.runners.statements.InvokeMethod.evaluate(InvokeMethod.java:17)
	at org.junit.runners.ParentRunner$3.evaluate(ParentRunner.java:306)
	at org.junit.runners.BlockJUnit4ClassRunner$1.evaluate(BlockJUnit4ClassRunner.java:100)
	at org.junit.runners.ParentRunner.runLeaf(ParentRunner.java:366)
	at org.junit.runners.BlockJUnit4ClassRunner.runChild(BlockJUnit4ClassRunner.java:103)
	at org.junit.runners.BlockJUnit4ClassRunner.runChild(BlockJUnit4ClassRunner.java:63)
	at org.junit.runners.ParentRunner$4.run(ParentRunner.java:331)
	at org.junit.runners.ParentRunner$1.schedule(ParentRunner.java:79)
	at org.junit.runners.ParentRunner.runChildren(ParentRunner.java:329)
	at org.junit.runners.ParentRunner.access$100(ParentRunner.java:66)
	at org.junit.runners.ParentRunner$2.evaluate(ParentRunner.java:293)
	at org.junit.runners.ParentRunner$3.evaluate(ParentRunner.java:306)
	at org.junit.runners.ParentRunner.run(ParentRunner.java:413)
	at org.eclipse.jdt.internal.junit4.runner.JUnit4TestReference.run(JUnit4TestReference.java:93)
	at org.eclipse.jdt.internal.junit.runner.TestExecution.run(TestExecution.java:40)
	at org.eclipse.jdt.internal.junit.runner.RemoteTestRunner.runTests(RemoteTestRunner.java:529)
	at org.eclipse.jdt.internal.junit.runner.RemoteTestRunner.runTests(RemoteTestRunner.java:756)
	at org.eclipse.jdt.internal.junit.runner.RemoteTestRunner.run(RemoteTestRunner.java:452)
	at org.eclipse.jdt.internal.junit.runner.RemoteTestRunner.main(RemoteTestRunner.java:210)

2022-02-14 16:11:45,288 ERROR [main] LineageBASA:256 - Make Request failed..com.codoid.products.exception.FilloException: Workbook is not found - /lineage/src/test/resources
	at com.codoid.products.fillo.Fillo.getConnection(Fillo.java:46)
	at utilities.ApiBase.makeMultipleApiCallsExcel(ApiBase.java:190)
	at apiTest.CRUDTest.getAllUsers(CRUDTest.java:15)
	at java.base/jdk.internal.reflect.NativeMethodAccessorImpl.invoke0(Native Method)
	at java.base/jdk.internal.reflect.NativeMethodAccessorImpl.invoke(NativeMethodAccessorImpl.java:77)
	at java.base/jdk.internal.reflect.DelegatingMethodAccessorImpl.invoke(DelegatingMethodAccessorImpl.java:43)
	at java.base/java.lang.reflect.Method.invoke(Method.java:568)
	at org.junit.runners.model.FrameworkMethod$1.runReflectiveCall(FrameworkMethod.java:59)
	at org.junit.internal.runners.model.ReflectiveCallable.run(ReflectiveCallable.java:12)
	at org.junit.runners.model.FrameworkMethod.invokeExplosively(FrameworkMethod.java:56)
	at org.junit.internal.runners.statements.InvokeMethod.evaluate(InvokeMethod.java:17)
	at org.junit.runners.ParentRunner$3.evaluate(ParentRunner.java:306)
	at org.junit.runners.BlockJUnit4ClassRunner$1.evaluate(BlockJUnit4ClassRunner.java:100)
	at org.junit.runners.ParentRunner.runLeaf(ParentRunner.java:366)
	at org.junit.runners.BlockJUnit4ClassRunner.runChild(BlockJUnit4ClassRunner.java:103)
	at org.junit.runners.BlockJUnit4ClassRunner.runChild(BlockJUnit4ClassRunner.java:63)
	at org.junit.runners.ParentRunner$4.run(ParentRunner.java:331)
	at org.junit.runners.ParentRunner$1.schedule(ParentRunner.java:79)
	at org.junit.runners.ParentRunner.runChildren(ParentRunner.java:329)
	at org.junit.runners.ParentRunner.access$100(ParentRunner.java:66)
	at org.junit.runners.ParentRunner$2.evaluate(ParentRunner.java:293)
	at org.junit.runners.ParentRunner$3.evaluate(ParentRunner.java:306)
	at org.junit.runners.ParentRunner.run(ParentRunner.java:413)
	at org.eclipse.jdt.internal.junit4.runner.JUnit4TestReference.run(JUnit4TestReference.java:93)
	at org.eclipse.jdt.internal.junit.runner.TestExecution.run(TestExecution.java:40)
	at org.eclipse.jdt.internal.junit.runner.RemoteTestRunner.runTests(RemoteTestRunner.java:529)
	at org.eclipse.jdt.internal.junit.runner.RemoteTestRunner.runTests(RemoteTestRunner.java:756)
	at org.eclipse.jdt.internal.junit.runner.RemoteTestRunner.run(RemoteTestRunner.java:452)
	at org.eclipse.jdt.internal.junit.runner.RemoteTestRunner.main(RemoteTestRunner.java:210)

2022-02-14 16:13:15,878 ERROR [main] LineageBASA:256 - Make Request failed..com.codoid.products.exception.FilloException: Workbook is not found - C:\brillio\lineage\src\test\resources
	at com.codoid.products.fillo.Fillo.getConnection(Fillo.java:46)
	at utilities.ApiBase.makeMultipleApiCallsExcel(ApiBase.java:190)
	at apiTest.CRUDTest.getAllUsers(CRUDTest.java:15)
	at java.base/jdk.internal.reflect.NativeMethodAccessorImpl.invoke0(Native Method)
	at java.base/jdk.internal.reflect.NativeMethodAccessorImpl.invoke(NativeMethodAccessorImpl.java:77)
	at java.base/jdk.internal.reflect.DelegatingMethodAccessorImpl.invoke(DelegatingMethodAccessorImpl.java:43)
	at java.base/java.lang.reflect.Method.invoke(Method.java:568)
	at org.junit.runners.model.FrameworkMethod$1.runReflectiveCall(FrameworkMethod.java:59)
	at org.junit.internal.runners.model.ReflectiveCallable.run(ReflectiveCallable.java:12)
	at org.junit.runners.model.FrameworkMethod.invokeExplosively(FrameworkMethod.java:56)
	at org.junit.internal.runners.statements.InvokeMethod.evaluate(InvokeMethod.java:17)
	at org.junit.runners.ParentRunner$3.evaluate(ParentRunner.java:306)
	at org.junit.runners.BlockJUnit4ClassRunner$1.evaluate(BlockJUnit4ClassRunner.java:100)
	at org.junit.runners.ParentRunner.runLeaf(ParentRunner.java:366)
	at org.junit.runners.BlockJUnit4ClassRunner.runChild(BlockJUnit4ClassRunner.java:103)
	at org.junit.runners.BlockJUnit4ClassRunner.runChild(BlockJUnit4ClassRunner.java:63)
	at org.junit.runners.ParentRunner$4.run(ParentRunner.java:331)
	at org.junit.runners.ParentRunner$1.schedule(ParentRunner.java:79)
	at org.junit.runners.ParentRunner.runChildren(ParentRunner.java:329)
	at org.junit.runners.ParentRunner.access$100(ParentRunner.java:66)
	at org.junit.runners.ParentRunner$2.evaluate(ParentRunner.java:293)
	at org.junit.runners.ParentRunner$3.evaluate(ParentRunner.java:306)
	at org.junit.runners.ParentRunner.run(ParentRunner.java:413)
	at org.eclipse.jdt.internal.junit4.runner.JUnit4TestReference.run(JUnit4TestReference.java:93)
	at org.eclipse.jdt.internal.junit.runner.TestExecution.run(TestExecution.java:40)
	at org.eclipse.jdt.internal.junit.runner.RemoteTestRunner.runTests(RemoteTestRunner.java:529)
	at org.eclipse.jdt.internal.junit.runner.RemoteTestRunner.runTests(RemoteTestRunner.java:756)
	at org.eclipse.jdt.internal.junit.runner.RemoteTestRunner.run(RemoteTestRunner.java:452)
	at org.eclipse.jdt.internal.junit.runner.RemoteTestRunner.main(RemoteTestRunner.java:210)

2022-02-14 16:55:09,505 ERROR [main] LineageBASA:256 - Make Request failed..com.codoid.products.exception.FilloException: Workbook is not found - C:\brillio\lineage\src\test\resources
	at com.codoid.products.fillo.Fillo.getConnection(Fillo.java:46)
	at utilities.ApiBase.makeMultipleApiCallsExcel(ApiBase.java:190)
	at utilities.ApiBase.main(ApiBase.java:443)

2022-02-14 16:56:19,376 ERROR [main] LineageBASA:361 - Unable to read objects.properties file...java.io.FileNotFoundException: resources\objects.properties (The system cannot find the path specified)
	at java.base/java.io.FileInputStream.open0(Native Method)
	at java.base/java.io.FileInputStream.open(FileInputStream.java:216)
	at java.base/java.io.FileInputStream.<init>(FileInputStream.java:157)
	at java.base/java.io.FileInputStream.<init>(FileInputStream.java:111)
	at utilities.ApiBase.getAllObjPropKeys(ApiBase.java:357)
	at utilities.ApiBase.updateValues(ApiBase.java:389)
	at utilities.ApiBase.processHeadersExcel(ApiBase.java:404)
	at utilities.ApiBase.makeMultipleApiCallsExcel(ApiBase.java:203)
	at utilities.ApiBase.main(ApiBase.java:443)

2022-02-14 16:56:19,378 ERROR [main] LineageBASA:256 - Make Request failed..java.lang.NullPointerException: Cannot invoke "java.util.Set.iterator()" because "allKeys" is null
	at utilities.ApiBase.updateValues(ApiBase.java:390)
	at utilities.ApiBase.processHeadersExcel(ApiBase.java:404)
	at utilities.ApiBase.makeMultipleApiCallsExcel(ApiBase.java:203)
	at utilities.ApiBase.main(ApiBase.java:443)

2022-02-14 17:07:41,643 ERROR [main] LineageBASA:256 - Make Request failed..com.codoid.products.exception.FilloException: Workbook is not found - C:\brillio\lineage\src\test\resources\
	at com.codoid.products.fillo.Fillo.getConnection(Fillo.java:46)
	at utilities.ApiBase.makeMultipleApiCallsExcel(ApiBase.java:190)
	at apiTest.CRUDTest.getAllUsers(CRUDTest.java:15)
	at java.base/jdk.internal.reflect.NativeMethodAccessorImpl.invoke0(Native Method)
	at java.base/jdk.internal.reflect.NativeMethodAccessorImpl.invoke(NativeMethodAccessorImpl.java:77)
	at java.base/jdk.internal.reflect.DelegatingMethodAccessorImpl.invoke(DelegatingMethodAccessorImpl.java:43)
	at java.base/java.lang.reflect.Method.invoke(Method.java:568)
	at org.junit.runners.model.FrameworkMethod$1.runReflectiveCall(FrameworkMethod.java:59)
	at org.junit.internal.runners.model.ReflectiveCallable.run(ReflectiveCallable.java:12)
	at org.junit.runners.model.FrameworkMethod.invokeExplosively(FrameworkMethod.java:56)
	at org.junit.internal.runners.statements.InvokeMethod.evaluate(InvokeMethod.java:17)
	at org.junit.runners.ParentRunner$3.evaluate(ParentRunner.java:306)
	at org.junit.runners.BlockJUnit4ClassRunner$1.evaluate(BlockJUnit4ClassRunner.java:100)
	at org.junit.runners.ParentRunner.runLeaf(ParentRunner.java:366)
	at org.junit.runners.BlockJUnit4ClassRunner.runChild(BlockJUnit4ClassRunner.java:103)
	at org.junit.runners.BlockJUnit4ClassRunner.runChild(BlockJUnit4ClassRunner.java:63)
	at org.junit.runners.ParentRunner$4.run(ParentRunner.java:331)
	at org.junit.runners.ParentRunner$1.schedule(ParentRunner.java:79)
	at org.junit.runners.ParentRunner.runChildren(ParentRunner.java:329)
	at org.junit.runners.ParentRunner.access$100(ParentRunner.java:66)
	at org.junit.runners.ParentRunner$2.evaluate(ParentRunner.java:293)
	at org.junit.runners.ParentRunner$3.evaluate(ParentRunner.java:306)
	at org.junit.runners.ParentRunner.run(ParentRunner.java:413)
	at org.eclipse.jdt.internal.junit4.runner.JUnit4TestReference.run(JUnit4TestReference.java:93)
	at org.eclipse.jdt.internal.junit.runner.TestExecution.run(TestExecution.java:40)
	at org.eclipse.jdt.internal.junit.runner.RemoteTestRunner.runTests(RemoteTestRunner.java:529)
	at org.eclipse.jdt.internal.junit.runner.RemoteTestRunner.runTests(RemoteTestRunner.java:756)
	at org.eclipse.jdt.internal.junit.runner.RemoteTestRunner.run(RemoteTestRunner.java:452)
	at org.eclipse.jdt.internal.junit.runner.RemoteTestRunner.main(RemoteTestRunner.java:210)

2022-02-14 17:08:08,705 ERROR [main] LineageBASA:361 - Unable to read objects.properties file...java.io.FileNotFoundException: resources\objects.properties (The system cannot find the path specified)
	at java.base/java.io.FileInputStream.open0(Native Method)
	at java.base/java.io.FileInputStream.open(FileInputStream.java:216)
	at java.base/java.io.FileInputStream.<init>(FileInputStream.java:157)
	at java.base/java.io.FileInputStream.<init>(FileInputStream.java:111)
	at utilities.ApiBase.getAllObjPropKeys(ApiBase.java:357)
	at utilities.ApiBase.updateValues(ApiBase.java:389)
	at utilities.ApiBase.processHeadersExcel(ApiBase.java:404)
	at utilities.ApiBase.makeMultipleApiCallsExcel(ApiBase.java:203)
	at apiTest.CRUDTest.getAllUsers(CRUDTest.java:15)
	at java.base/jdk.internal.reflect.NativeMethodAccessorImpl.invoke0(Native Method)
	at java.base/jdk.internal.reflect.NativeMethodAccessorImpl.invoke(NativeMethodAccessorImpl.java:77)
	at java.base/jdk.internal.reflect.DelegatingMethodAccessorImpl.invoke(DelegatingMethodAccessorImpl.java:43)
	at java.base/java.lang.reflect.Method.invoke(Method.java:568)
	at org.junit.runners.model.FrameworkMethod$1.runReflectiveCall(FrameworkMethod.java:59)
	at org.junit.internal.runners.model.ReflectiveCallable.run(ReflectiveCallable.java:12)
	at org.junit.runners.model.FrameworkMethod.invokeExplosively(FrameworkMethod.java:56)
	at org.junit.internal.runners.statements.InvokeMethod.evaluate(InvokeMethod.java:17)
	at org.junit.runners.ParentRunner$3.evaluate(ParentRunner.java:306)
	at org.junit.runners.BlockJUnit4ClassRunner$1.evaluate(BlockJUnit4ClassRunner.java:100)
	at org.junit.runners.ParentRunner.runLeaf(ParentRunner.java:366)
	at org.junit.runners.BlockJUnit4ClassRunner.runChild(BlockJUnit4ClassRunner.java:103)
	at org.junit.runners.BlockJUnit4ClassRunner.runChild(BlockJUnit4ClassRunner.java:63)
	at org.junit.runners.ParentRunner$4.run(ParentRunner.java:331)
	at org.junit.runners.ParentRunner$1.schedule(ParentRunner.java:79)
	at org.junit.runners.ParentRunner.runChildren(ParentRunner.java:329)
	at org.junit.runners.ParentRunner.access$100(ParentRunner.java:66)
	at org.junit.runners.ParentRunner$2.evaluate(ParentRunner.java:293)
	at org.junit.runners.ParentRunner$3.evaluate(ParentRunner.java:306)
	at org.junit.runners.ParentRunner.run(ParentRunner.java:413)
	at org.eclipse.jdt.internal.junit4.runner.JUnit4TestReference.run(JUnit4TestReference.java:93)
	at org.eclipse.jdt.internal.junit.runner.TestExecution.run(TestExecution.java:40)
	at org.eclipse.jdt.internal.junit.runner.RemoteTestRunner.runTests(RemoteTestRunner.java:529)
	at org.eclipse.jdt.internal.junit.runner.RemoteTestRunner.runTests(RemoteTestRunner.java:756)
	at org.eclipse.jdt.internal.junit.runner.RemoteTestRunner.run(RemoteTestRunner.java:452)
	at org.eclipse.jdt.internal.junit.runner.RemoteTestRunner.main(RemoteTestRunner.java:210)

2022-02-14 17:08:08,707 ERROR [main] LineageBASA:256 - Make Request failed..java.lang.NullPointerException: Cannot invoke "java.util.Set.iterator()" because "allKeys" is null
	at utilities.ApiBase.updateValues(ApiBase.java:390)
	at utilities.ApiBase.processHeadersExcel(ApiBase.java:404)
	at utilities.ApiBase.makeMultipleApiCallsExcel(ApiBase.java:203)
	at apiTest.CRUDTest.getAllUsers(CRUDTest.java:15)
	at java.base/jdk.internal.reflect.NativeMethodAccessorImpl.invoke0(Native Method)
	at java.base/jdk.internal.reflect.NativeMethodAccessorImpl.invoke(NativeMethodAccessorImpl.java:77)
	at java.base/jdk.internal.reflect.DelegatingMethodAccessorImpl.invoke(DelegatingMethodAccessorImpl.java:43)
	at java.base/java.lang.reflect.Method.invoke(Method.java:568)
	at org.junit.runners.model.FrameworkMethod$1.runReflectiveCall(FrameworkMethod.java:59)
	at org.junit.internal.runners.model.ReflectiveCallable.run(ReflectiveCallable.java:12)
	at org.junit.runners.model.FrameworkMethod.invokeExplosively(FrameworkMethod.java:56)
	at org.junit.internal.runners.statements.InvokeMethod.evaluate(InvokeMethod.java:17)
	at org.junit.runners.ParentRunner$3.evaluate(ParentRunner.java:306)
	at org.junit.runners.BlockJUnit4ClassRunner$1.evaluate(BlockJUnit4ClassRunner.java:100)
	at org.junit.runners.ParentRunner.runLeaf(ParentRunner.java:366)
	at org.junit.runners.BlockJUnit4ClassRunner.runChild(BlockJUnit4ClassRunner.java:103)
	at org.junit.runners.BlockJUnit4ClassRunner.runChild(BlockJUnit4ClassRunner.java:63)
	at org.junit.runners.ParentRunner$4.run(ParentRunner.java:331)
	at org.junit.runners.ParentRunner$1.schedule(ParentRunner.java:79)
	at org.junit.runners.ParentRunner.runChildren(ParentRunner.java:329)
	at org.junit.runners.ParentRunner.access$100(ParentRunner.java:66)
	at org.junit.runners.ParentRunner$2.evaluate(ParentRunner.java:293)
	at org.junit.runners.ParentRunner$3.evaluate(ParentRunner.java:306)
	at org.junit.runners.ParentRunner.run(ParentRunner.java:413)
	at org.eclipse.jdt.internal.junit4.runner.JUnit4TestReference.run(JUnit4TestReference.java:93)
	at org.eclipse.jdt.internal.junit.runner.TestExecution.run(TestExecution.java:40)
	at org.eclipse.jdt.internal.junit.runner.RemoteTestRunner.runTests(RemoteTestRunner.java:529)
	at org.eclipse.jdt.internal.junit.runner.RemoteTestRunner.runTests(RemoteTestRunner.java:756)
	at org.eclipse.jdt.internal.junit.runner.RemoteTestRunner.run(RemoteTestRunner.java:452)
	at org.eclipse.jdt.internal.junit.runner.RemoteTestRunner.main(RemoteTestRunner.java:210)

2022-02-14 17:09:42,774 ERROR [main] LineageBASA:256 - Make Request failed..java.lang.NullPointerException: Cannot invoke "com.github.javafaker.Faker.number()" because "utilities.BodyBuilder.fk" is null
	at utilities.BodyBuilder.getNDigitFakeNumber(BodyBuilder.java:366)
	at utilities.BodyBuilder.processBody(BodyBuilder.java:328)
	at utilities.ApiBase.makeMultipleApiCallsExcel(ApiBase.java:204)
	at apiTest.CRUDTest.getAllUsers(CRUDTest.java:15)
	at java.base/jdk.internal.reflect.NativeMethodAccessorImpl.invoke0(Native Method)
	at java.base/jdk.internal.reflect.NativeMethodAccessorImpl.invoke(NativeMethodAccessorImpl.java:77)
	at java.base/jdk.internal.reflect.DelegatingMethodAccessorImpl.invoke(DelegatingMethodAccessorImpl.java:43)
	at java.base/java.lang.reflect.Method.invoke(Method.java:568)
	at org.junit.runners.model.FrameworkMethod$1.runReflectiveCall(FrameworkMethod.java:59)
	at org.junit.internal.runners.model.ReflectiveCallable.run(ReflectiveCallable.java:12)
	at org.junit.runners.model.FrameworkMethod.invokeExplosively(FrameworkMethod.java:56)
	at org.junit.internal.runners.statements.InvokeMethod.evaluate(InvokeMethod.java:17)
	at org.junit.runners.ParentRunner$3.evaluate(ParentRunner.java:306)
	at org.junit.runners.BlockJUnit4ClassRunner$1.evaluate(BlockJUnit4ClassRunner.java:100)
	at org.junit.runners.ParentRunner.runLeaf(ParentRunner.java:366)
	at org.junit.runners.BlockJUnit4ClassRunner.runChild(BlockJUnit4ClassRunner.java:103)
	at org.junit.runners.BlockJUnit4ClassRunner.runChild(BlockJUnit4ClassRunner.java:63)
	at org.junit.runners.ParentRunner$4.run(ParentRunner.java:331)
	at org.junit.runners.ParentRunner$1.schedule(ParentRunner.java:79)
	at org.junit.runners.ParentRunner.runChildren(ParentRunner.java:329)
	at org.junit.runners.ParentRunner.access$100(ParentRunner.java:66)
	at org.junit.runners.ParentRunner$2.evaluate(ParentRunner.java:293)
	at org.junit.runners.ParentRunner$3.evaluate(ParentRunner.java:306)
	at org.junit.runners.ParentRunner.run(ParentRunner.java:413)
	at org.eclipse.jdt.internal.junit4.runner.JUnit4TestReference.run(JUnit4TestReference.java:93)
	at org.eclipse.jdt.internal.junit.runner.TestExecution.run(TestExecution.java:40)
	at org.eclipse.jdt.internal.junit.runner.RemoteTestRunner.runTests(RemoteTestRunner.java:529)
	at org.eclipse.jdt.internal.junit.runner.RemoteTestRunner.runTests(RemoteTestRunner.java:756)
	at org.eclipse.jdt.internal.junit.runner.RemoteTestRunner.run(RemoteTestRunner.java:452)
	at org.eclipse.jdt.internal.junit.runner.RemoteTestRunner.main(RemoteTestRunner.java:210)

2022-02-14 17:26:02,094 ERROR [main] LineageBASA:256 - Make Request failed..java.lang.NullPointerException: Cannot invoke "com.github.javafaker.Faker.number()" because "utilities.BodyBuilder.fk" is null
	at utilities.BodyBuilder.getNDigitFakeNumber(BodyBuilder.java:368)
	at utilities.BodyBuilder.processBody(BodyBuilder.java:330)
	at utilities.ApiBase.makeMultipleApiCallsExcel(ApiBase.java:204)
	at utilities.ApiBase.main(ApiBase.java:443)

2022-02-14 17:30:19,388  INFO [main] LineageBASA:268 - Current root is => addPet
2022-02-14 17:30:19,390  INFO [main] LineageBASA:269 - RequestType is : POST
2022-02-14 17:30:19,390  INFO [main] LineageBASA:270 - Final Uri is : https://petstore.swagger.io/v2/pet
2022-02-14 17:30:19,390  INFO [main] LineageBASA:271 - Processed Headers are : {content-type=application/json}
2022-02-14 17:30:19,391  INFO [main] LineageBASA:272 - Processed BodyData is : {   "id": 0,   "category": {     "id": 0,     "name": "string"   },   "name": "doggie",   "photoUrls": [     "string"   ],   "tags": [     {       "id": 0,       "name": "string"     }   ],   "status": "available" }
2022-02-14 17:30:19,391  INFO [main] LineageBASA:273 - Processed FormData is : {}
2022-02-14 17:30:22,083  INFO [main] LineageBASA:284 - Response is : {"id":9223372016854974556,"category":{"id":0,"name":"string"},"name":"doggie","photoUrls":["string"],"tags":[{"id":0,"name":"string"}],"status":"available"}
2022-02-14 17:30:22,083  INFO [main] LineageBASA:285 - Response status is  : HTTP/1.1 200 OK
2022-02-14 17:30:22,086  INFO [main] LineageBASA:288 - Response code assertion passes as : 200
2022-02-14 17:30:22,086  INFO [main] LineageBASA:368 - No JSON path to store from this response.
2022-02-14 17:35:47,860  INFO [main] LineageBASA:269 - Current root is => addPet
2022-02-14 17:35:47,862  INFO [main] LineageBASA:270 - RequestType is : POST
2022-02-14 17:35:47,862  INFO [main] LineageBASA:271 - Final Uri is : https://petstore.swagger.io/v2/pet
2022-02-14 17:35:47,863  INFO [main] LineageBASA:272 - Processed Headers are : {content-type=application/json}
2022-02-14 17:35:47,863  INFO [main] LineageBASA:273 - Processed BodyData is : {   "id": 0,   "category": {     "id": 0,     "name": "string"   },   "name": "doggie",   "photoUrls": [     "string"   ],   "tags": [     {       "id": 0,       "name": "string"     }   ],   "status": "available" }
2022-02-14 17:35:47,864  INFO [main] LineageBASA:274 - Processed FormData is : {}
2022-02-14 17:35:50,018  INFO [main] LineageBASA:285 - Response is : {"id":9223372016854974591,"category":{"id":0,"name":"string"},"name":"doggie","photoUrls":["string"],"tags":[{"id":0,"name":"string"}],"status":"available"}
2022-02-14 17:35:50,018  INFO [main] LineageBASA:286 - Response status is  : HTTP/1.1 200 OK
2022-02-14 17:35:50,020  INFO [main] LineageBASA:289 - Response code assertion passes as : 200
2022-02-14 17:35:50,020  INFO [main] LineageBASA:369 - No JSON path to store from this response.
2022-02-14 17:35:50,027  INFO [main] LineageBASA:33 - 200 is equal to 200 as expected.
2022-02-14 17:35:50,027  INFO [main] LineageBASA:18 - Successfully added a new Pet to the Pet Store
2022-02-14 17:41:13,269  INFO [main] LineageBASA:269 - Current root is => addPet
2022-02-14 17:41:13,271  INFO [main] LineageBASA:270 - RequestType is : POST
2022-02-14 17:41:13,271  INFO [main] LineageBASA:271 - Final Uri is : https://petstore.swagger.io/v2/pet
2022-02-14 17:41:13,271  INFO [main] LineageBASA:272 - Processed Headers are : {content-type=application/json}
2022-02-14 17:41:13,272  INFO [main] LineageBASA:273 - Processed BodyData is : {   "id": 0,   "category": {     "id": 0,     "name": "string"   },   "name": "doggie",   "photoUrls": [     "string"   ],   "tags": [     {       "id": 0,       "name": "string"     }   ],   "status": "available" }
2022-02-14 17:41:13,273  INFO [main] LineageBASA:274 - Processed FormData is : {}
2022-02-14 17:41:15,608  INFO [main] LineageBASA:285 - Response is : {"id":9223372016854974612,"category":{"id":0,"name":"string"},"name":"doggie","photoUrls":["string"],"tags":[{"id":0,"name":"string"}],"status":"available"}
2022-02-14 17:41:15,609  INFO [main] LineageBASA:286 - Response status is  : HTTP/1.1 200 OK
2022-02-14 17:41:15,611  INFO [main] LineageBASA:289 - Response code assertion passes as : 200
2022-02-14 17:41:15,611  INFO [main] LineageBASA:369 - No JSON path to store from this response.
2022-02-14 17:41:15,617  INFO [main] LineageBASA:33 - 200 is equal to 200 as expected.
2022-02-14 17:41:15,617  INFO [main] LineageBASA:18 - Successfully added a new Pet to the Pet Store
2022-02-14 17:55:45,020  INFO [main] LineageBASA:269 - Current root is => addPet
2022-02-14 17:55:45,022  INFO [main] LineageBASA:270 - RequestType is : POST
2022-02-14 17:55:45,022  INFO [main] LineageBASA:271 - Final Uri is : https://petstore.swagger.io/v2/pet
2022-02-14 17:55:45,023  INFO [main] LineageBASA:272 - Processed Headers are : {content-type=application/json}
2022-02-14 17:55:45,024  INFO [main] LineageBASA:273 - Processed BodyData is : {   "id": 0,   "category": {     "id": 0,     "name": "string"   },   "name": "doggie",   "photoUrls": [     "string"   ],   "tags": [     {       "id": 0,       "name": "string"     }   ],   "status": "available" }
2022-02-14 17:55:45,024  INFO [main] LineageBASA:274 - Processed FormData is : {}
2022-02-14 17:55:47,486  INFO [main] LineageBASA:285 - Response is : {"id":9223372016854974704,"category":{"id":0,"name":"string"},"name":"doggie","photoUrls":["string"],"tags":[{"id":0,"name":"string"}],"status":"available"}
2022-02-14 17:55:47,487  INFO [main] LineageBASA:286 - Response status is  : HTTP/1.1 200 OK
2022-02-14 17:55:47,490  INFO [main] LineageBASA:289 - Response code assertion passes as : 200
2022-02-14 17:55:47,492  INFO [main] LineageBASA:369 - No JSON path to store from this response.
2022-02-14 17:55:47,498  INFO [main] LineageBASA:33 - 200 is equal to 200 as expected.
2022-02-14 17:55:47,498  INFO [main] LineageBASA:18 - Successfully added a new Pet to the Pet Store
2022-02-14 17:57:46,249  INFO [main] LineageBASA:269 - Current root is => addPet
2022-02-14 17:57:46,252  INFO [main] LineageBASA:270 - RequestType is : POST
2022-02-14 17:57:46,252  INFO [main] LineageBASA:271 - Final Uri is : https://petstore.swagger.io/v2/pet
2022-02-14 17:57:46,252  INFO [main] LineageBASA:272 - Processed Headers are : {content-type=application/json}
2022-02-14 17:57:46,253  INFO [main] LineageBASA:273 - Processed BodyData is : {   "id": 0,   "category": {     "id": 0,     "name": "string"   },   "name": "doggie",   "photoUrls": [     "string"   ],   "tags": [     {       "id": 0,       "name": "string"     }   ],   "status": "available" }
2022-02-14 17:57:46,253  INFO [main] LineageBASA:274 - Processed FormData is : {}
2022-02-14 17:57:48,737  INFO [main] LineageBASA:285 - Response is : {"id":9223372016854974732,"category":{"id":0,"name":"string"},"name":"doggie","photoUrls":["string"],"tags":[{"id":0,"name":"string"}],"status":"available"}
2022-02-14 17:57:48,737  INFO [main] LineageBASA:286 - Response status is  : HTTP/1.1 200 OK
2022-02-14 17:57:48,740  INFO [main] LineageBASA:289 - Response code assertion passes as : 200
2022-02-14 17:57:48,741  INFO [main] LineageBASA:369 - No JSON path to store from this response.
2022-02-14 17:57:48,746  INFO [main] LineageBASA:33 - 200 is equal to 200 as expected.
2022-02-14 17:57:48,746  INFO [main] LineageBASA:18 - Successfully added a new Pet to the Pet Store
2022-02-14 18:08:04,301  INFO [main] LineageBASA:269 - Current root is => addPet
2022-02-14 18:08:04,303  INFO [main] LineageBASA:270 - RequestType is : POST
2022-02-14 18:08:04,303  INFO [main] LineageBASA:271 - Final Uri is : https://petstore.swagger.io/v2/pet
2022-02-14 18:08:04,303  INFO [main] LineageBASA:272 - Processed Headers are : {content-type=application/json}
2022-02-14 18:08:04,303  INFO [main] LineageBASA:273 - Processed BodyData is : {   "id": 0,   "category": {     "id": 0,     "name": "string"   },   "name": "doggie",   "photoUrls": [     "string"   ],   "tags": [     {       "id": 0,       "name": "string"     }   ],   "status": "available" }
2022-02-14 18:08:04,304  INFO [main] LineageBASA:274 - Processed FormData is : {}
2022-02-14 18:08:07,015  INFO [main] LineageBASA:285 - Response is : {"id":9223372016854974781,"category":{"id":0,"name":"string"},"name":"doggie","photoUrls":["string"],"tags":[{"id":0,"name":"string"}],"status":"available"}
2022-02-14 18:08:07,015  INFO [main] LineageBASA:286 - Response status is  : HTTP/1.1 200 OK
2022-02-14 18:08:07,017  INFO [main] LineageBASA:289 - Response code assertion passes as : 200
2022-02-14 18:08:07,018  INFO [main] LineageBASA:369 - No JSON path to store from this response.
2022-02-14 18:08:07,023  INFO [main] LineageBASA:33 - 200 is equal to 200 as expected.
2022-02-14 18:08:07,023  INFO [main] LineageBASA:18 - Successfully added a new Pet to the Pet Store
2022-02-14 18:08:41,664  INFO [main] LineageBASA:269 - Current root is => addPet
2022-02-14 18:08:41,667  INFO [main] LineageBASA:270 - RequestType is : POST
2022-02-14 18:08:41,667  INFO [main] LineageBASA:271 - Final Uri is : https://petstore.swagger.io/v2/pet
2022-02-14 18:08:41,667  INFO [main] LineageBASA:272 - Processed Headers are : {content-type=application/json}
2022-02-14 18:08:41,667  INFO [main] LineageBASA:273 - Processed BodyData is : {   "id": 0,   "category": {     "id": 0,     "name": "string"   },   "name": "doggie",   "photoUrls": [     "string"   ],   "tags": [     {       "id": 0,       "name": "string"     }   ],   "status": "available" }
2022-02-14 18:08:41,668  INFO [main] LineageBASA:274 - Processed FormData is : {}
2022-02-14 18:08:43,686  INFO [main] LineageBASA:285 - Response is : {"id":9223372016854974781,"category":{"id":0,"name":"string"},"name":"doggie","photoUrls":["string"],"tags":[{"id":0,"name":"string"}],"status":"available"}
2022-02-14 18:08:43,687  INFO [main] LineageBASA:286 - Response status is  : HTTP/1.1 200 OK
2022-02-14 18:08:43,692  INFO [main] LineageBASA:289 - Response code assertion passes as : 200
2022-02-14 18:08:43,692  INFO [main] LineageBASA:369 - No JSON path to store from this response.
2022-02-14 18:08:43,697  INFO [main] LineageBASA:33 - 200 is equal to 200 as expected.
2022-02-14 18:08:43,697  INFO [main] LineageBASA:18 - Successfully added a new Pet to the Pet Store
2022-02-14 18:08:58,690  INFO [main] LineageBASA:269 - Current root is => addPet
2022-02-14 18:08:58,692  INFO [main] LineageBASA:270 - RequestType is : POST
2022-02-14 18:08:58,692  INFO [main] LineageBASA:271 - Final Uri is : https://petstore.swagger.io/v2/pet
2022-02-14 18:08:58,692  INFO [main] LineageBASA:272 - Processed Headers are : {content-type=application/json}
2022-02-14 18:08:58,693  INFO [main] LineageBASA:273 - Processed BodyData is : {   "id": 0,   "category": {     "id": 0,     "name": "string"   },   "name": "doggie",   "photoUrls": [     "string"   ],   "tags": [     {       "id": 0,       "name": "string"     }   ],   "status": "available" }
2022-02-14 18:08:58,693  INFO [main] LineageBASA:274 - Processed FormData is : {}
2022-02-14 18:09:00,076  INFO [main] LineageBASA:285 - Response is : {"id":9223372016854974782,"category":{"id":0,"name":"string"},"name":"doggie","photoUrls":["string"],"tags":[{"id":0,"name":"string"}],"status":"available"}
2022-02-14 18:09:00,077  INFO [main] LineageBASA:286 - Response status is  : HTTP/1.1 200 OK
2022-02-14 18:09:00,081  INFO [main] LineageBASA:289 - Response code assertion passes as : 200
2022-02-14 18:09:00,082  INFO [main] LineageBASA:369 - No JSON path to store from this response.
2022-02-14 18:09:00,092  INFO [main] LineageBASA:33 - 200 is equal to 200 as expected.
2022-02-14 18:09:00,093  INFO [main] LineageBASA:18 - Successfully added a new Pet to the Pet Store
2022-02-14 18:13:41,996  INFO [main] LineageBASA:269 - Current root is => addPet
2022-02-14 18:13:41,999  INFO [main] LineageBASA:270 - RequestType is : POST
2022-02-14 18:13:41,999  INFO [main] LineageBASA:271 - Final Uri is : https://petstore.swagger.io/v2/pet
2022-02-14 18:13:41,999  INFO [main] LineageBASA:272 - Processed Headers are : {content-type=application/json}
2022-02-14 18:13:41,999  INFO [main] LineageBASA:273 - Processed BodyData is : {   "id": 0,   "category": {     "id": 0,     "name": "string"   },   "name": "doggie",   "photoUrls": [     "string"   ],   "tags": [     {       "id": 0,       "name": "string"     }   ],   "status": "available" }
2022-02-14 18:13:42,000  INFO [main] LineageBASA:274 - Processed FormData is : {}
2022-02-14 18:13:44,177  INFO [main] LineageBASA:285 - Response is : {"id":9223372016854974803,"category":{"id":0,"name":"string"},"name":"doggie","photoUrls":["string"],"tags":[{"id":0,"name":"string"}],"status":"available"}
2022-02-14 18:13:44,177  INFO [main] LineageBASA:286 - Response status is  : HTTP/1.1 200 OK
2022-02-14 18:13:44,182  INFO [main] LineageBASA:289 - Response code assertion passes as : 200
2022-02-14 18:13:44,182  INFO [main] LineageBASA:369 - No JSON path to store from this response.
2022-02-14 18:13:44,187  INFO [main] LineageBASA:33 - 200 is equal to 200 as expected.
2022-02-14 18:13:44,187  INFO [main] LineageBASA:18 - Successfully added a new Pet to the Pet Store
2022-02-14 18:21:19,557  INFO [main] LineageBASA:269 - Current root is => addPet
2022-02-14 18:21:19,559  INFO [main] LineageBASA:270 - RequestType is : POST
2022-02-14 18:21:19,560  INFO [main] LineageBASA:271 - Final Uri is : https://petstore.swagger.io/v2/pet
2022-02-14 18:21:19,560  INFO [main] LineageBASA:272 - Processed Headers are : {content-type=application/json}
2022-02-14 18:21:19,560  INFO [main] LineageBASA:273 - Processed BodyData is : {   "id": 0,   "category": {     "id": 0,     "name": "string"   },   "name": "doggie",   "photoUrls": [     "string"   ],   "tags": [     {       "id": 0,       "name": "string"     }   ],   "status": "available" }
2022-02-14 18:21:19,560  INFO [main] LineageBASA:274 - Processed FormData is : {}
2022-02-14 18:21:32,320  INFO [main] LineageBASA:285 - Response is : {"id":9223372016854974849,"category":{"id":0,"name":"string"},"name":"doggie","photoUrls":["string"],"tags":[{"id":0,"name":"string"}],"status":"available"}
2022-02-14 18:21:32,321  INFO [main] LineageBASA:286 - Response status is  : HTTP/1.1 200 OK
2022-02-14 18:21:32,324  INFO [main] LineageBASA:289 - Response code assertion passes as : 200
2022-02-14 18:21:32,325  INFO [main] LineageBASA:369 - No JSON path to store from this response.
2022-02-14 18:21:32,331  INFO [main] LineageBASA:33 - 200 is equal to 200 as expected.
2022-02-14 18:21:32,331  INFO [main] LineageBASA:18 - Successfully added a new Pet to the Pet Store
2022-02-15 09:56:23,859  INFO [main] Lineage-BASA:39 - ***** Browser launched successfully.***********
2022-02-15 09:56:55,962  INFO [main] Lineage-BASA:39 - ***** Browser launched successfully.***********
2022-02-15 09:57:27,680  INFO [main] Lineage-BASA:39 - ***** Browser launched successfully.***********
2022-02-15 09:58:18,131  INFO [main] Lineage-BASA:39 - ***** Browser launched successfully.***********
2022-02-15 09:59:28,665  INFO [main] Lineage-BASA:44 - ***** Browser closed successfully.***********
2022-02-15 10:01:25,109  INFO [main] Lineage-BASA:39 - ***** Browser launched successfully.***********
2022-02-15 10:04:19,897  INFO [main] Lineage-BASA:39 - ***** Browser launched successfully.***********
2022-02-15 10:05:44,082  INFO [main] Lineage-BASA:44 - ***** Browser closed successfully.***********
2022-02-15 10:05:45,708  INFO [main] Lineage-BASA:39 - ***** Browser launched successfully.***********
2022-02-15 10:06:46,169  INFO [main] Lineage-BASA:39 - ***** Browser launched successfully.***********
2022-02-15 10:08:09,701  INFO [main] Lineage-BASA:44 - ***** Browser closed successfully.***********
2022-02-15 10:09:41,518  INFO [main] Lineage-BASA:39 - ***** Browser launched successfully.***********
2022-02-15 10:12:56,874  INFO [main] Lineage-BASA:44 - ***** Browser closed successfully.***********
2022-02-15 10:12:58,909  INFO [main] Lineage-BASA:39 - ***** Browser launched successfully.***********
2022-02-15 10:14:09,232  INFO [main] Lineage-BASA:44 - ***** Browser closed successfully.***********
2022-02-15 10:14:11,223  INFO [main] Lineage-BASA:39 - ***** Browser launched successfully.***********
2022-02-15 10:15:21,686  INFO [main] Lineage-BASA:44 - ***** Browser closed successfully.***********
2022-02-15 10:15:23,535  INFO [main] Lineage-BASA:39 - ***** Browser launched successfully.***********
2022-02-15 10:16:49,955  INFO [main] Lineage-BASA:44 - ***** Browser closed successfully.***********
2022-02-15 15:01:25,618  INFO [main] LineageBASA:269 - Current root is => addPet
2022-02-15 15:01:25,620  INFO [main] LineageBASA:270 - RequestType is : POST
2022-02-15 15:01:25,620  INFO [main] LineageBASA:271 - Final Uri is : https://petstore.swagger.io/v2/pet
2022-02-15 15:01:25,621  INFO [main] LineageBASA:272 - Processed Headers are : {content-type=application/json}
2022-02-15 15:01:25,621  INFO [main] LineageBASA:273 - Processed BodyData is : {   "id": 0,   "category": {     "id": 0,     "name": "string"   },   "name": "doggie",   "photoUrls": [     "string"   ],   "tags": [     {       "id": 0,       "name": "string"     }   ],   "status": "available" }
2022-02-15 15:01:25,621  INFO [main] LineageBASA:274 - Processed FormData is : {}
2022-02-15 15:01:27,961  INFO [main] LineageBASA:285 - Response is : {"id":9223372016854980188,"category":{"id":0,"name":"string"},"name":"doggie","photoUrls":["string"],"tags":[{"id":0,"name":"string"}],"status":"available"}
2022-02-15 15:01:27,961  INFO [main] LineageBASA:286 - Response status is  : HTTP/1.1 200 OK
2022-02-15 15:01:27,964  INFO [main] LineageBASA:289 - Response code assertion passes as : 200
2022-02-15 15:01:27,965  INFO [main] LineageBASA:369 - No JSON path to store from this response.
2022-02-15 15:01:27,973  INFO [main] LineageBASA:33 - 200 is equal to 200 as expected.
2022-02-15 15:01:27,973  INFO [main] LineageBASA:18 - Successfully added a new Pet to the Pet Store
2022-02-17 16:10:27,367  INFO [main] Lineage-BASA:41 - ***** Browser launched successfully.***********
2022-02-17 16:12:47,033  INFO [main] Lineage-BASA:41 - ***** Browser launched successfully.***********
2022-02-17 16:34:10,723  INFO [main] Lineage-BASA:41 - ***** Browser launched successfully.***********
2022-02-17 16:43:58,669  INFO [main] Lineage-BASA:41 - ***** Browser launched successfully.***********
2022-02-17 16:47:09,628  INFO [main] Lineage-BASA:46 - ***** Browser closed successfully.***********
2022-02-17 16:47:11,101  INFO [main] Lineage-BASA:41 - ***** Browser launched successfully.***********
2022-02-17 16:48:20,653  INFO [main] Lineage-BASA:46 - ***** Browser closed successfully.***********
2022-02-17 16:48:22,139  INFO [main] Lineage-BASA:41 - ***** Browser launched successfully.***********
2022-02-17 16:49:32,379  INFO [main] Lineage-BASA:46 - ***** Browser closed successfully.***********
2022-02-17 16:49:34,593  INFO [main] Lineage-BASA:41 - ***** Browser launched successfully.***********
2022-02-17 16:50:42,292  INFO [main] Lineage-BASA:46 - ***** Browser closed successfully.***********
